# JRE version: Java(TM) SE Runtime Environment (8.0_181-b13) (build 1.8.0_181-b13)
# Java VM: Java HotSpot(TM) 64-Bit Server VM (25.181-b13 mixed mode linux-amd64 compressed oops)
Heap:
 PSYoungGen      total 315904K, used 0K [0x00000000d6e00000, 0x00000000f8780000, 0x0000000100000000)
  eden space 189952K, 0% used [0x00000000d6e00000,0x00000000d6e00000,0x00000000e2780000)
  from space 125952K, 0% used [0x00000000e2780000,0x00000000e2780000,0x00000000ea280000)
  to   space 147968K, 35% used [0x00000000ef700000,0x00000000f2a75dc0,0x00000000f8780000)
 ParOldGen       total 318464K, used 317294K [0x0000000084a00000, 0x0000000098100000, 0x00000000d6e00000)
  object space 318464K, 99% used [0x0000000084a00000,0x0000000097fdba70,0x0000000098100000)
 Metaspace       used 50792K, capacity 53032K, committed 53288K, reserved 1095680K
  class space    used 6778K, capacity 7174K, committed 7208K, reserved 1048576K
GC Heap History (10 events):
Event: 17,990 GC heap after
Heap after GC invocations=13 (full 3):
 PSYoungGen      total 236544K, used 71869K [0x00000000d6e00000, 0x00000000ed500000, 0x0000000100000000)
  eden space 163328K, 0% used [0x00000000d6e00000,0x00000000d6e00000,0x00000000e0d80000)
  from space 73216K, 98% used [0x00000000e6100000,0x00000000ea72f5d0,0x00000000ea880000)
  to   space 85504K, 0% used [0x00000000e0d80000,0x00000000e0d80000,0x00000000e6100000)
 ParOldGen       total 315392K, used 197037K [0x0000000084a00000, 0x0000000097e00000, 0x00000000d6e00000)
  object space 315392K, 62% used [0x0000000084a00000,0x0000000090a6b448,0x0000000097e00000)
 Metaspace       used 50792K, capacity 53032K, committed 53288K, reserved 1095680K
  class space    used 6778K, capacity 7174K, committed 7208K, reserved 1048576K
}
Event: 19,519 GC heap before
{Heap before GC invocations=14 (full 3):
 PSYoungGen      total 236544K, used 234500K [0x00000000d6e00000, 0x00000000ed500000, 0x0000000100000000)
  eden space 163328K, 99% used [0x00000000d6e00000,0x00000000e0cd1ba8,0x00000000e0d80000)
  from space 73216K, 98% used [0x00000000e6100000,0x00000000ea72f5d0,0x00000000ea880000)
  to   space 85504K, 0% used [0x00000000e0d80000,0x00000000e0d80000,0x00000000e6100000)
 ParOldGen       total 315392K, used 197037K [0x0000000084a00000, 0x0000000097e00000, 0x00000000d6e00000)
  object space 315392K, 62% used [0x0000000084a00000,0x0000000090a6b448,0x0000000097e00000)
 Metaspace       used 50792K, capacity 53032K, committed 53288K, reserved 1095680K
  class space    used 6778K, capacity 7174K, committed 7208K, reserved 1048576K
Event: 19,604 GC heap after
Heap after GC invocations=14 (full 3):
 PSYoungGen      total 248832K, used 84715K [0x00000000d6e00000, 0x00000000f0480000, 0x0000000100000000)
  eden space 163328K, 0% used [0x00000000d6e00000,0x00000000d6e00000,0x00000000e0d80000)
  from space 85504K, 99% used [0x00000000e0d80000,0x00000000e603ac20,0x00000000e6100000)
  to   space 100352K, 0% used [0x00000000ea280000,0x00000000ea280000,0x00000000f0480000)
 ParOldGen       total 315392K, used 214134K [0x0000000084a00000, 0x0000000097e00000, 0x00000000d6e00000)
  object space 315392K, 67% used [0x0000000084a00000,0x0000000091b1dab8,0x0000000097e00000)
 Metaspace       used 50792K, capacity 53032K, committed 53288K, reserved 1095680K
  class space    used 6778K, capacity 7174K, committed 7208K, reserved 1048576K
}
Event: 20,962 GC heap before
{Heap before GC invocations=15 (full 3):
 PSYoungGen      total 248832K, used 248043K [0x00000000d6e00000, 0x00000000f0480000, 0x0000000100000000)
  eden space 163328K, 100% used [0x00000000d6e00000,0x00000000e0d80000,0x00000000e0d80000)
  from space 85504K, 99% used [0x00000000e0d80000,0x00000000e603ac20,0x00000000e6100000)
  to   space 100352K, 0% used [0x00000000ea280000,0x00000000ea280000,0x00000000f0480000)
 ParOldGen       total 315392K, used 214134K [0x0000000084a00000, 0x0000000097e00000, 0x00000000d6e00000)
  object space 315392K, 67% used [0x0000000084a00000,0x0000000091b1dab8,0x0000000097e00000)
 Metaspace       used 50792K, capacity 53032K, committed 53288K, reserved 1095680K
  class space    used 6778K, capacity 7174K, committed 7208K, reserved 1048576K
Event: 21,063 GC heap after
Heap after GC invocations=15 (full 3):
 PSYoungGen      total 290304K, used 100320K [0x00000000d6e00000, 0x00000000f3a80000, 0x0000000100000000)
  eden space 189952K, 0% used [0x00000000d6e00000,0x00000000d6e00000,0x00000000e2780000)
  from space 100352K, 99% used [0x00000000ea280000,0x00000000f04780b0,0x00000000f0480000)
  to   space 125952K, 0% used [0x00000000e2780000,0x00000000e2780000,0x00000000ea280000)
 ParOldGen       total 315392K, used 235046K [0x0000000084a00000, 0x0000000097e00000, 0x00000000d6e00000)
  object space 315392K, 74% used [0x0000000084a00000,0x0000000092f89a88,0x0000000097e00000)
 Metaspace       used 50792K, capacity 53032K, committed 53288K, reserved 1095680K
  class space    used 6778K, capacity 7174K, committed 7208K, reserved 1048576K
}
Event: 22,524 GC heap before
{Heap before GC invocations=16 (full 3):
 PSYoungGen      total 290304K, used 290272K [0x00000000d6e00000, 0x00000000f3a80000, 0x0000000100000000)
  eden space 189952K, 100% used [0x00000000d6e00000,0x00000000e2780000,0x00000000e2780000)
  from space 100352K, 99% used [0x00000000ea280000,0x00000000f04780b0,0x00000000f0480000)
  to   space 125952K, 0% used [0x00000000e2780000,0x00000000e2780000,0x00000000ea280000)
 ParOldGen       total 315392K, used 235046K [0x0000000084a00000, 0x0000000097e00000, 0x00000000d6e00000)
  object space 315392K, 74% used [0x0000000084a00000,0x0000000092f89a88,0x0000000097e00000)
 Metaspace       used 50792K, capacity 53032K, committed 53288K, reserved 1095680K
  class space    used 6778K, capacity 7174K, committed 7208K, reserved 1048576K
Event: 22,585 GC heap after
Heap after GC invocations=16 (full 3):
 PSYoungGen      total 315904K, used 125396K [0x00000000d6e00000, 0x00000000f8780000, 0x0000000100000000)
  eden space 189952K, 0% used [0x00000000d6e00000,0x00000000d6e00000,0x00000000e2780000)
  from space 125952K, 99% used [0x00000000e2780000,0x00000000ea1f5340,0x00000000ea280000)
  to   space 147968K, 0% used [0x00000000ef700000,0x00000000ef700000,0x00000000f8780000)
 ParOldGen       total 315392K, used 246040K [0x0000000084a00000, 0x0000000097e00000, 0x00000000d6e00000)
  object space 315392K, 78% used [0x0000000084a00000,0x0000000093a46348,0x0000000097e00000)
 Metaspace       used 50792K, capacity 53032K, committed 53288K, reserved 1095680K
  class space    used 6778K, capacity 7174K, committed 7208K, reserved 1048576K
}
Event: 23,912 GC heap before
{Heap before GC invocations=17 (full 3):
 PSYoungGen      total 315904K, used 315348K [0x00000000d6e00000, 0x00000000f8780000, 0x0000000100000000)
  eden space 189952K, 100% used [0x00000000d6e00000,0x00000000e2780000,0x00000000e2780000)
  from space 125952K, 99% used [0x00000000e2780000,0x00000000ea1f5340,0x00000000ea280000)
  to   space 147968K, 0% used [0x00000000ef700000,0x00000000ef700000,0x00000000f8780000)
 ParOldGen       total 315392K, used 246040K [0x0000000084a00000, 0x0000000097e00000, 0x00000000d6e00000)
  object space 315392K, 78% used [0x0000000084a00000,0x0000000093a46348,0x0000000097e00000)
 Metaspace       used 50792K, capacity 53032K, committed 53288K, reserved 1095680K
  class space    used 6778K, capacity 7174K, committed 7208K, reserved 1048576K
Event: 24,024 GC heap after
Heap after GC invocations=17 (full 3):
 PSYoungGen      total 315904K, used 315348K [0x00000000d6e00000, 0x00000000f8780000, 0x0000000100000000)
  eden space 189952K, 100% used [0x00000000d6e00000,0x00000000e2780000,0x00000000e2780000)
  from space 125952K, 99% used [0x00000000e2780000,0x00000000ea1f5340,0x00000000ea280000)
  to   space 147968K, 52% used [0x00000000ef700000,0x00000000f4279d40,0x00000000f8780000)
 ParOldGen       total 318464K, used 318165K [0x0000000084a00000, 0x0000000098100000, 0x00000000d6e00000)
  object space 318464K, 99% used [0x0000000084a00000,0x00000000980b54a8,0x0000000098100000)
 Metaspace       used 50792K, capacity 53032K, committed 53288K, reserved 1095680K
  class space    used 6778K, capacity 7174K, committed 7208K, reserved 1048576K
}
Event: 24,195 GC heap before
{Heap before GC invocations=18 (full 4):
 PSYoungGen      total 315904K, used 315348K [0x00000000d6e00000, 0x00000000f8780000, 0x0000000100000000)
  eden space 189952K, 100% used [0x00000000d6e00000,0x00000000e2780000,0x00000000e2780000)
  from space 125952K, 99% used [0x00000000e2780000,0x00000000ea1f5340,0x00000000ea280000)
  to   space 147968K, 52% used [0x00000000ef700000,0x00000000f4279d40,0x00000000f8780000)
 ParOldGen       total 318464K, used 318165K [0x0000000084a00000, 0x0000000098100000, 0x00000000d6e00000)
  object space 318464K, 99% used [0x0000000084a00000,0x00000000980b54a8,0x0000000098100000)
 Metaspace       used 50792K, capacity 53032K, committed 53288K, reserved 1095680K
  class space    used 6778K, capacity 7174K, committed 7208K, reserved 1048576K

